<?xml version="1.0" encoding="utf-8"?><testsuites name="pytest tests"><testsuite name="pytest" errors="0" failures="5" skipped="0" tests="24" time="3.391" timestamp="2026-04-07T06:22:37.599791+00:00" hostname="agent-env-efcecc42-ef4a-43c6-943e-b6cc0803dd24"><testcase classname="tests.test_chemistry_api.TestAPIHealth" name="test_api_root_returns_200" time="0.210" /><testcase classname="tests.test_chemistry_api.TestAPIHealth" name="test_api_root_returns_correct_version" time="0.151" /><testcase classname="tests.test_chemistry_api.TestAPIHealth" name="test_api_root_returns_endpoints_list" time="0.133" /><testcase classname="tests.test_chemistry_api.TestMoleculeValidation" name="test_validate_valid_smiles_aspirin" time="0.110" /><testcase classname="tests.test_chemistry_api.TestMoleculeValidation" name="test_validate_valid_smiles_caffeine" time="0.101" /><testcase classname="tests.test_chemistry_api.TestMoleculeValidation" name="test_validate_invalid_smiles" time="0.166" /><testcase classname="tests.test_chemistry_api.TestMoleculeValidation" name="test_validate_empty_smiles" time="0.137"><failure message="assert True == False">tests/test_chemistry_api.py:117: in test_validate_empty_smiles
    assert data["valid"] == False
E   assert True == False</failure></testcase><testcase classname="tests.test_chemistry_api.TestMoleculeAnalysis" name="test_analyze_aspirin" time="0.110" /><testcase classname="tests.test_chemistry_api.TestMoleculeAnalysis" name="test_analyze_caffeine" time="0.117" /><testcase classname="tests.test_chemistry_api.TestMoleculeAnalysis" name="test_analyze_invalid_smiles_returns_400" time="0.103"><failure message="assert 500 == 400&#10; +  where 500 = &lt;Response [500]&gt;.status_code">tests/test_chemistry_api.py:167: in test_analyze_invalid_smiles_returns_400
    assert response.status_code == 400
E   assert 500 == 400
E    +  where 500 = &lt;Response [500]&gt;.status_code</failure></testcase><testcase classname="tests.test_chemistry_api.TestSynthesisPlanning" name="test_synthesis_plan_aspirin" time="0.186" /><testcase classname="tests.test_chemistry_api.TestSynthesisPlanning" name="test_synthesis_plan_simple_molecule" time="0.176" /><testcase classname="tests.test_chemistry_api.TestSynthesisPlanning" name="test_synthesis_plan_invalid_smiles_returns_400" time="0.111" /><testcase classname="tests.test_chemistry_api.TestConditionPrediction" name="test_predict_conditions_esterification" time="0.226" /><testcase classname="tests.test_chemistry_api.TestConditionPrediction" name="test_predict_conditions_suzuki" time="0.101" /><testcase classname="tests.test_chemistry_api.TestRouteComparison" name="test_compare_routes_basic" time="0.113"><failure message="assert 400 == 200&#10; +  where 400 = &lt;Response [400]&gt;.status_code">tests/test_chemistry_api.py:334: in test_compare_routes_basic
    assert response.status_code == 200
E   assert 400 == 200
E    +  where 400 = &lt;Response [400]&gt;.status_code</failure></testcase><testcase classname="tests.test_chemistry_api.TestRouteComparison" name="test_compare_routes_empty_returns_400" time="0.104" /><testcase classname="tests.test_chemistry_api.TestCopilotOptimize" name="test_copilot_reduce_cost_query" time="0.102"><failure message="AssertionError: assert 'error' == 'success'&#10;  &#10;  - success&#10;  + error">tests/test_chemistry_api.py:372: in test_copilot_reduce_cost_query
    assert data["status"] == "success"
E   AssertionError: assert 'error' == 'success'
E     
E     - success
E     + error</failure></testcase><testcase classname="tests.test_chemistry_api.TestCopilotOptimize" name="test_copilot_increase_yield_query" time="0.114"><failure message="AssertionError: assert 'error' == 'success'&#10;  &#10;  - success&#10;  + error">tests/test_chemistry_api.py:390: in test_copilot_increase_yield_query
    assert data["status"] == "success"
E   AssertionError: assert 'error' == 'success'
E     
E     - success
E     + error</failure></testcase><testcase classname="tests.test_chemistry_api.TestCopilotOptimize" name="test_copilot_speed_optimization_query" time="0.113" /><testcase classname="tests.test_chemistry_api.TestTemplateStatistics" name="test_get_template_stats" time="0.107" /><testcase classname="tests.test_chemistry_api.TestEquipmentRecommendation" name="test_recommend_equipment_esterification" time="0.096" /><testcase classname="tests.test_chemistry_api.TestEquipmentRecommendation" name="test_recommend_equipment_high_pressure" time="0.105" /><testcase classname="tests.test_chemistry_api.TestSynthesisHistory" name="test_get_synthesis_history" time="0.121" /></testsuite></testsuites>