<?xml version="1.0" encoding="utf-8"?><testsuites name="pytest tests"><testsuite name="pytest" errors="0" failures="0" skipped="0" tests="19" time="2.492" timestamp="2026-04-08T05:29:46.056311+00:00" hostname="agent-env-efcecc42-ef4a-43c6-943e-b6cc0803dd24"><testcase classname="backend.tests.test_phase4_industrial.TestAdvancedSynthesisPlanning" name="test_advanced_planning_aspirin_pilot_scale" time="0.313" /><testcase classname="backend.tests.test_phase4_industrial.TestAdvancedSynthesisPlanning" name="test_advanced_planning_lab_scale" time="0.112" /><testcase classname="backend.tests.test_phase4_industrial.TestAdvancedSynthesisPlanning" name="test_advanced_planning_industrial_scale" time="0.133" /><testcase classname="backend.tests.test_phase4_industrial.TestAdvancedSynthesisPlanning" name="test_advanced_planning_cost_positivity" time="0.112" /><testcase classname="backend.tests.test_phase4_industrial.TestBackwardCompatibility" name="test_basic_mode_still_works" time="0.143" /><testcase classname="backend.tests.test_phase4_industrial.TestBackwardCompatibility" name="test_basic_mode_explicit_false" time="0.111" /><testcase classname="backend.tests.test_phase4_industrial.TestRetrosynthesisEndpoint" name="test_retrosynthesis_aspirin" time="0.121" /><testcase classname="backend.tests.test_phase4_industrial.TestRetrosynthesisEndpoint" name="test_retrosynthesis_caffeine" time="0.110" /><testcase classname="backend.tests.test_phase4_industrial.TestRetrosynthesisEndpoint" name="test_retrosynthesis_simple_molecule" time="0.118" /><testcase classname="backend.tests.test_phase4_industrial.TestScaleOptimizationEndpoint" name="test_scale_optimize_lab" time="0.097" /><testcase classname="backend.tests.test_phase4_industrial.TestScaleOptimizationEndpoint" name="test_scale_optimize_pilot" time="0.097" /><testcase classname="backend.tests.test_phase4_industrial.TestScaleOptimizationEndpoint" name="test_scale_optimize_industrial" time="0.104" /><testcase classname="backend.tests.test_phase4_industrial.TestScaleOptimizationEndpoint" name="test_scale_optimize_invalid_scale_returns_400" time="0.102" /><testcase classname="backend.tests.test_phase4_industrial.TestIndustrialCostEndpoint" name="test_industrial_cost_lab_scale" time="0.104" /><testcase classname="backend.tests.test_phase4_industrial.TestIndustrialCostEndpoint" name="test_industrial_cost_pilot_with_recovery" time="0.111" /><testcase classname="backend.tests.test_phase4_industrial.TestIndustrialCostEndpoint" name="test_industrial_cost_all_positive" time="0.112" /><testcase classname="backend.tests.test_phase4_industrial.TestIndustrialCostEndpoint" name="test_industrial_cost_industrial_scale" time="0.113" /><testcase classname="backend.tests.test_phase4_industrial.TestCostPositivityAcrossEndpoints" name="test_retrosynthesis_cost_positivity" time="0.132" /><testcase classname="backend.tests.test_phase4_industrial.TestCostPositivityAcrossEndpoints" name="test_advanced_planning_step_costs_positive" time="0.109" /></testsuite></testsuites>