<?xml version="1.0" encoding="utf-8"?><testsuites name="pytest tests"><testsuite name="pytest" errors="0" failures="0" skipped="0" tests="26" time="3.293" timestamp="2026-04-08T04:20:08.169971+00:00" hostname="agent-env-efcecc42-ef4a-43c6-943e-b6cc0803dd24"><testcase classname="backend.tests.test_chemistry_api.TestAPIHealth" name="test_api_root_returns_200" time="0.307" /><testcase classname="backend.tests.test_chemistry_api.TestAPIHealth" name="test_api_root_returns_correct_version" time="0.101" /><testcase classname="backend.tests.test_chemistry_api.TestAPIHealth" name="test_api_root_returns_endpoints_list" time="0.113" /><testcase classname="backend.tests.test_chemistry_api.TestMoleculeValidation" name="test_validate_valid_smiles_aspirin" time="0.106" /><testcase classname="backend.tests.test_chemistry_api.TestMoleculeValidation" name="test_validate_valid_smiles_caffeine" time="0.106" /><testcase classname="backend.tests.test_chemistry_api.TestMoleculeValidation" name="test_validate_invalid_smiles" time="0.103" /><testcase classname="backend.tests.test_chemistry_api.TestMoleculeValidation" name="test_validate_empty_smiles_returns_invalid" time="0.123" /><testcase classname="backend.tests.test_chemistry_api.TestMoleculeAnalysis" name="test_analyze_aspirin" time="0.104" /><testcase classname="backend.tests.test_chemistry_api.TestMoleculeAnalysis" name="test_analyze_caffeine" time="0.109" /><testcase classname="backend.tests.test_chemistry_api.TestMoleculeAnalysis" name="test_analyze_invalid_smiles_returns_400" time="0.114" /><testcase classname="backend.tests.test_chemistry_api.TestSynthesisPlanning" name="test_synthesis_plan_aspirin" time="0.170" /><testcase classname="backend.tests.test_chemistry_api.TestSynthesisPlanning" name="test_synthesis_plan_simple_molecule" time="0.115" /><testcase classname="backend.tests.test_chemistry_api.TestSynthesisPlanning" name="test_synthesis_plan_invalid_smiles_returns_400" time="0.111" /><testcase classname="backend.tests.test_chemistry_api.TestConditionPrediction" name="test_predict_conditions_esterification" time="0.104" /><testcase classname="backend.tests.test_chemistry_api.TestConditionPrediction" name="test_predict_conditions_suzuki" time="0.115" /><testcase classname="backend.tests.test_chemistry_api.TestRouteComparison" name="test_compare_routes_basic" time="0.116" /><testcase classname="backend.tests.test_chemistry_api.TestRouteComparison" name="test_compare_routes_empty_returns_400" time="0.097" /><testcase classname="backend.tests.test_chemistry_api.TestCopilotOptimize" name="test_copilot_reduce_cost_direct_query" time="0.112" /><testcase classname="backend.tests.test_chemistry_api.TestCopilotOptimize" name="test_copilot_reduce_cost_natural_language" time="0.160" /><testcase classname="backend.tests.test_chemistry_api.TestCopilotOptimize" name="test_copilot_increase_yield_direct_query" time="0.103" /><testcase classname="backend.tests.test_chemistry_api.TestCopilotOptimize" name="test_copilot_increase_yield_natural_language" time="0.109" /><testcase classname="backend.tests.test_chemistry_api.TestCopilotOptimize" name="test_copilot_speed_optimization_query" time="0.106" /><testcase classname="backend.tests.test_chemistry_api.TestTemplateStatistics" name="test_get_template_stats" time="0.104" /><testcase classname="backend.tests.test_chemistry_api.TestEquipmentRecommendation" name="test_recommend_equipment_esterification" time="0.103" /><testcase classname="backend.tests.test_chemistry_api.TestEquipmentRecommendation" name="test_recommend_equipment_high_pressure" time="0.100" /><testcase classname="backend.tests.test_chemistry_api.TestSynthesisHistory" name="test_get_synthesis_history" time="0.125" /></testsuite></testsuites>